Using pre-set license
Built from '2021.3/staging' branch; Version is '2021.3.20f1 (577897200b8b) revision 5732503'; Using compiler version '192829333'; Build Type 'Release'
OS: 'Windows 10  (10.0.19044) 64bit Core' Language: 'en' Physical Memory: 16318 MB
BatchMode: 1, IsHumanControllingUs: 0, StartBugReporterOnCrash: 0, Is64bit: 1, IsPro: 1

COMMAND LINE ARGUMENTS:
D:\Program Files\2021.3.20f1\Editor\Unity.exe
-adb2
-batchMode
-noUpm
-name
AssetImportWorker2
-projectPath
C:/Users/jacob/OneDrive/Desktop/Unity/candle-simulator
-logFile
Logs/AssetImportWorker2.log
-srvPort
52221
Successfully changed project path to: C:/Users/jacob/OneDrive/Desktop/Unity/candle-simulator
C:/Users/jacob/OneDrive/Desktop/Unity/candle-simulator
[UnityMemory] Configuration Parameters - Can be set up in boot.config
    "memorysetup-bucket-allocator-granularity=16"
    "memorysetup-bucket-allocator-bucket-count=8"
    "memorysetup-bucket-allocator-block-size=33554432"
    "memorysetup-bucket-allocator-block-count=8"
    "memorysetup-main-allocator-block-size=16777216"
    "memorysetup-thread-allocator-block-size=16777216"
    "memorysetup-gfx-main-allocator-block-size=16777216"
    "memorysetup-gfx-thread-allocator-block-size=16777216"
    "memorysetup-cache-allocator-block-size=4194304"
    "memorysetup-typetree-allocator-block-size=2097152"
    "memorysetup-profiler-bucket-allocator-granularity=16"
    "memorysetup-profiler-bucket-allocator-bucket-count=8"
    "memorysetup-profiler-bucket-allocator-block-size=33554432"
    "memorysetup-profiler-bucket-allocator-block-count=8"
    "memorysetup-profiler-allocator-block-size=16777216"
    "memorysetup-profiler-editor-allocator-block-size=1048576"
    "memorysetup-temp-allocator-size-main=16777216"
    "memorysetup-job-temp-allocator-block-size=2097152"
    "memorysetup-job-temp-allocator-block-size-background=1048576"
    "memorysetup-job-temp-allocator-reduction-small-platforms=262144"
    "memorysetup-temp-allocator-size-background-worker=32768"
    "memorysetup-temp-allocator-size-job-worker=262144"
    "memorysetup-temp-allocator-size-preload-manager=33554432"
    "memorysetup-temp-allocator-size-nav-mesh-worker=65536"
    "memorysetup-temp-allocator-size-audio-worker=65536"
    "memorysetup-temp-allocator-size-cloud-worker=32768"
    "memorysetup-temp-allocator-size-gi-baking-worker=262144"
    "memorysetup-temp-allocator-size-gfx=262144"
Player connection [5744] Host "[IP] 192.168.1.119 [Port] 0 [Flags] 2 [Guid] 1567429938 [EditorId] 1567429938 [Version] 1048832 [Id] WindowsEditor(7,DESKTOP-OHI8HKM) [Debug] 1 [PackageName] WindowsEditor [ProjectName] Editor" joined multi-casting on [225.0.0.222:54997]...

Player connection [5744] Host "[IP] 192.168.1.119 [Port] 0 [Flags] 2 [Guid] 1567429938 [EditorId] 1567429938 [Version] 1048832 [Id] WindowsEditor(7,DESKTOP-OHI8HKM) [Debug] 1 [PackageName] WindowsEditor [ProjectName] Editor" joined alternative multi-casting on [225.0.0.222:34997]...

Refreshing native plugins compatible for Editor in 27.41 ms, found 2 plugins.
Preloading 0 native plugins for Editor in 0.00 ms.
Initialize engine version: 2021.3.20f1 (577897200b8b)
[Subsystems] Discovering subsystems at path D:/Program Files/2021.3.20f1/Editor/Data/Resources/UnitySubsystems
[Subsystems] Discovering subsystems at path C:/Users/jacob/OneDrive/Desktop/Unity/candle-simulator/Assets
GfxDevice: creating device client; threaded=0; jobified=0
Direct3D:
    Version:  Direct3D 11.0 [level 11.1]
    Renderer: NVIDIA GeForce GTX 1070 (ID=0x1b81)
    Vendor:   NVIDIA
    VRAM:     8088 MB
    Driver:   31.0.15.1694
Initialize mono
Mono path[0] = 'D:/Program Files/2021.3.20f1/Editor/Data/Managed'
Mono path[1] = 'D:/Program Files/2021.3.20f1/Editor/Data/MonoBleedingEdge/lib/mono/unityjit-win32'
Mono config path = 'D:/Program Files/2021.3.20f1/Editor/Data/MonoBleedingEdge/etc'
Using monoOptions --debugger-agent=transport=dt_socket,embedding=1,server=y,suspend=n,address=127.0.0.1:56384
Begin MonoManager ReloadAssembly
Registering precompiled unity dll's ...
Register platform support module: D:/Program Files/2021.3.20f1/Editor/Data/PlaybackEngines/WindowsStandaloneSupport/UnityEditor.WindowsStandalone.Extensions.dll
Registered in 0.003828 seconds.
Native extension for WindowsStandalone target not found
Refreshing native plugins compatible for Editor in 24.99 ms, found 2 plugins.
Preloading 0 native plugins for Editor in 0.00 ms.
Mono: successfully reloaded assembly
- Completed reload, in  0.605 seconds
Domain Reload Profiling:
	ReloadAssembly (605ms)
		BeginReloadAssembly (89ms)
			ExecutionOrderSort (0ms)
			DisableScriptedObjects (0ms)
			BackupInstance (0ms)
			ReleaseScriptingObjects (0ms)
			CreateAndSetChildDomain (1ms)
		EndReloadAssembly (415ms)
			LoadAssemblies (89ms)
			RebuildTransferFunctionScriptingTraits (0ms)
			SetupTypeCache (106ms)
			ReleaseScriptCaches (0ms)
			RebuildScriptCaches (28ms)
			SetupLoadedEditorAssemblies (239ms)
				LogAssemblyErrors (0ms)
				InitializePlatformSupportModulesInManaged (7ms)
				SetLoadedEditorAssemblies (0ms)
				RefreshPlugins (25ms)
				BeforeProcessingInitializeOnLoad (1ms)
				ProcessInitializeOnLoadAttributes (156ms)
				ProcessInitializeOnLoadMethodAttributes (50ms)
				AfterProcessingInitializeOnLoad (0ms)
				EditorAssembliesLoaded (0ms)
			ExecutionOrderSort2 (0ms)
			AwakeInstancesAfterBackupRestoration (0ms)
Platform modules already initialized, skipping
Registering precompiled user dll's ...
Registered in 0.002333 seconds.
Begin MonoManager ReloadAssembly
Native extension for WindowsStandalone target not found
Refreshing native plugins compatible for Editor in 0.24 ms, found 2 plugins.
Preloading 0 native plugins for Editor in 0.00 ms.
Mono: successfully reloaded assembly
- Completed reload, in  0.686 seconds
Domain Reload Profiling:
	ReloadAssembly (686ms)
		BeginReloadAssembly (96ms)
			ExecutionOrderSort (0ms)
			DisableScriptedObjects (5ms)
			BackupInstance (0ms)
			ReleaseScriptingObjects (0ms)
			CreateAndSetChildDomain (17ms)
		EndReloadAssembly (498ms)
			LoadAssemblies (63ms)
			RebuildTransferFunctionScriptingTraits (0ms)
			SetupTypeCache (157ms)
			ReleaseScriptCaches (0ms)
			RebuildScriptCaches (35ms)
			SetupLoadedEditorAssemblies (220ms)
				LogAssemblyErrors (0ms)
				InitializePlatformSupportModulesInManaged (4ms)
				SetLoadedEditorAssemblies (0ms)
				RefreshPlugins (0ms)
				BeforeProcessingInitializeOnLoad (34ms)
				ProcessInitializeOnLoadAttributes (162ms)
				ProcessInitializeOnLoadMethodAttributes (17ms)
				AfterProcessingInitializeOnLoad (2ms)
				EditorAssembliesLoaded (0ms)
			ExecutionOrderSort2 (0ms)
			AwakeInstancesAfterBackupRestoration (5ms)
Platform modules already initialized, skipping
========================================================================
Worker process is ready to serve import requests
Launched and connected shader compiler UnityShaderCompiler.exe after 0.03 seconds
Refreshing native plugins compatible for Editor in 0.30 ms, found 2 plugins.
Preloading 0 native plugins for Editor in 0.00 ms.
Unloading 1341 Unused Serialized files (Serialized files now loaded: 0)
Unloading 15 unused Assets / (30.2 KB). Loaded Objects now: 1836.
Memory consumption went from 85.3 MB to 85.3 MB.
Total: 2.132600 ms (FindLiveObjects: 0.119700 ms CreateObjectMapping: 0.035600 ms MarkObjects: 1.958600 ms  DeleteObjects: 0.018100 ms)

AssetImportParameters requested are different than current active one (requested -> active):
  custom:video-decoder-ogg-theora: a1e56fd34408186e4bbccfd4996cb3dc -> 
  custom:container-muxer-webm: aa71ff27fc2769a1b78a27578f13a17b -> 
  custom:container-demuxer-webm: 4f35f7cbe854078d1ac9338744f61a02 -> 
  custom:video-encoder-webm-vp8: eb34c28f22e8b96e1ab97ce403110664 -> 
  custom:video-codec-MediaFoundation-h265: 746d11721c4dcdbdad8f713fa42b33f4 -> 
  custom:audio-encoder-webm-vorbis: bf7c407c2cedff20999df2af8eb42d56 -> 
  custom:framework-win-MediaFoundation: 216162199b28c13a410421893ffa2e32 -> 
  custom:container-demuxer-ogg: 62fdf1f143b41e24485cea50d1cbac27 -> 
  custom:video-decoder-webm-vp8: 9c59270c3fd7afecdb556c50c9e8de78 -> 
  custom:audio-decoder-ogg-vorbis: bf7c407c2cedff20999df2af8eb42d56 -> 
========================================================================
Received Import Request.
  Time since last request: 382607.109566 seconds.
  path: Assets/Free/candle/flame.png
  artifactKey: Guid(b371d71b2f3da3440b18fd85ada215d4) Importer(815301076,1909f56bfc062723c751e8b465ee728b)
Start importing Assets/Free/candle/flame.png using Guid(b371d71b2f3da3440b18fd85ada215d4) Importer(815301076,1909f56bfc062723c751e8b465ee728b)  -> (artifact id: '8f819bf6319b6a85b0105163da5ec7fc') in 0.065228 seconds 
========================================================================
Received Import Request.
  Time since last request: 47.418605 seconds.
  path: Assets/Free/candle/flame 1.png
  artifactKey: Guid(4309fa1a8498e4146938d899246b8d02) Importer(815301076,1909f56bfc062723c751e8b465ee728b)
Start importing Assets/Free/candle/flame 1.png using Guid(4309fa1a8498e4146938d899246b8d02) Importer(815301076,1909f56bfc062723c751e8b465ee728b)  -> (artifact id: 'aa43f7b053cffdf5d3e8def2113a57c7') in 0.011683 seconds 
========================================================================
Received Import Request.
  Time since last request: 145.480261 seconds.
  path: Assets/Free/candle/flame.png
  artifactKey: Guid(b371d71b2f3da3440b18fd85ada215d4) Importer(815301076,1909f56bfc062723c751e8b465ee728b)
Start importing Assets/Free/candle/flame.png using Guid(b371d71b2f3da3440b18fd85ada215d4) Importer(815301076,1909f56bfc062723c751e8b465ee728b)  -> (artifact id: 'a415b211d134c9edf5737b21d094adac') in 0.202452 seconds 
========================================================================
Received Import Request.
  Time since last request: 250.413330 seconds.
  path: Assets/Free/candle/Materials
  artifactKey: Guid(6290863d53096c341800c222a63f7816) Importer(815301076,1909f56bfc062723c751e8b465ee728b)
Start importing Assets/Free/candle/Materials using Guid(6290863d53096c341800c222a63f7816) Importer(815301076,1909f56bfc062723c751e8b465ee728b)  -> (artifact id: 'af97a689fceee90177ed218273981793') in 0.005763 seconds 
========================================================================
Received Import Request.
  Time since last request: 0.049873 seconds.
  path: Assets/Free/candle/Materials/flame 1.mat
  artifactKey: Guid(151b6384b0c426943b50de71bb51f37c) Importer(815301076,1909f56bfc062723c751e8b465ee728b)
Start importing Assets/Free/candle/Materials/flame 1.mat using Guid(151b6384b0c426943b50de71bb51f37c) Importer(815301076,1909f56bfc062723c751e8b465ee728b)  -> (artifact id: '6f1700da98401008e7508185ec7b0278') in 0.050818 seconds 
========================================================================
Received Import Request.
  Time since last request: 26.924598 seconds.
  path: Assets/Free/candle/texture/flame.png
  artifactKey: Guid(501ca7aaccd88d94093f93cc63719cbb) Importer(815301076,1909f56bfc062723c751e8b465ee728b)
Start importing Assets/Free/candle/texture/flame.png using Guid(501ca7aaccd88d94093f93cc63719cbb) Importer(815301076,1909f56bfc062723c751e8b465ee728b)  -> (artifact id: 'a9292237b4605799b8b1e53e1313865a') in 0.011026 seconds 
========================================================================
Received Import Request.
  Time since last request: 15.501453 seconds.
  path: Assets/Free/candle/texture/flame.png
  artifactKey: Guid(501ca7aaccd88d94093f93cc63719cbb) Importer(815301076,1909f56bfc062723c751e8b465ee728b)
Start importing Assets/Free/candle/texture/flame.png using Guid(501ca7aaccd88d94093f93cc63719cbb) Importer(815301076,1909f56bfc062723c751e8b465ee728b)  -> (artifact id: '61499849ef2ff792e3b4fb310737684e') in 0.015307 seconds 
========================================================================
Received Prepare
Refreshing native plugins compatible for Editor in 2.08 ms, found 2 plugins.
Preloading 0 native plugins for Editor in 0.00 ms.
Unloading 10 Unused Serialized files (Serialized files now loaded: 0)
Unloading 9 unused Assets / (29.0 KB). Loaded Objects now: 1883.
Memory consumption went from 62.8 MB to 62.8 MB.
Total: 2.467500 ms (FindLiveObjects: 0.145200 ms CreateObjectMapping: 0.049400 ms MarkObjects: 2.258000 ms  DeleteObjects: 0.014200 ms)

AssetImportParameters requested are different than current active one (requested -> active):
  custom:video-decoder-ogg-theora: a1e56fd34408186e4bbccfd4996cb3dc -> 
  custom:container-muxer-webm: aa71ff27fc2769a1b78a27578f13a17b -> 
  custom:container-demuxer-webm: 4f35f7cbe854078d1ac9338744f61a02 -> 
  custom:video-encoder-webm-vp8: eb34c28f22e8b96e1ab97ce403110664 -> 
  custom:video-codec-MediaFoundation-h265: 746d11721c4dcdbdad8f713fa42b33f4 -> 
  custom:audio-encoder-webm-vorbis: bf7c407c2cedff20999df2af8eb42d56 -> 
  custom:framework-win-MediaFoundation: 216162199b28c13a410421893ffa2e32 -> 
  custom:container-demuxer-ogg: 62fdf1f143b41e24485cea50d1cbac27 -> 
  custom:video-decoder-webm-vp8: 9c59270c3fd7afecdb556c50c9e8de78 -> 
  custom:audio-decoder-ogg-vorbis: bf7c407c2cedff20999df2af8eb42d56 -> 
